-------------------------------------------------------------------------------
Test set: com.bank.sentinel.integration.TradePersistenceIntegrationTest
-------------------------------------------------------------------------------
Tests run: 3, Failures: 3, Errors: 0, Skipped: 0, Time elapsed: 8.056 s <<< FAILURE! -- in com.bank.sentinel.integration.TradePersistenceIntegrationTest
com.bank.sentinel.integration.TradePersistenceIntegrationTest.saveTwiceWithDifferentIds_doesNotThrow -- Time elapsed: 0.331 s <<< FAILURE!
java.lang.AssertionError: 

Expecting Optional to contain a value but it was empty.
	at com.bank.sentinel.integration.TradePersistenceIntegrationTest.saveTwiceWithDifferentIds_doesNotThrow(TradePersistenceIntegrationTest.java:77)

com.bank.sentinel.integration.TradePersistenceIntegrationTest.findByAccountId_returnsAllTradesForAccount -- Time elapsed: 0.054 s <<< FAILURE!
java.lang.AssertionError: 

Expecting Optional to contain a value but it was empty.
	at com.bank.sentinel.integration.TradePersistenceIntegrationTest.findByAccountId_returnsAllTradesForAccount(TradePersistenceIntegrationTest.java:65)

com.bank.sentinel.integration.TradePersistenceIntegrationTest.saveAndFindById_returnsPersistedTrade -- Time elapsed: 0.015 s <<< FAILURE!
java.lang.AssertionError: 

Expecting Optional to contain a value but it was empty.
	at com.bank.sentinel.integration.TradePersistenceIntegrationTest.saveAndFindById_returnsPersistedTrade(TradePersistenceIntegrationTest.java:54)

