<?xml version="1.0" encoding="UTF-8"?>
<testsuite xmlns:xsi="http://www.w3.org/2001/XMLSchema-instance" xsi:noNamespaceSchemaLocation="https://maven.apache.org/surefire/maven-surefire-plugin/xsd/surefire-test-report.xsd" version="3.0.2" name="com.bank.sentinel.integration.TradePersistenceIntegrationTest" time="8.056" tests="3" errors="0" skipped="0" failures="3" flakes="0">
  <properties>
[...]
</properties>
  <testcase name="saveTwiceWithDifferentIds_doesNotThrow" classname="com.bank.sentinel.integration.TradePersistenceIntegrationTest" time="0.331">
    <failure message="&#10;Expecting Optional to contain a value but it was empty." type="java.lang.AssertionError"><![CDATA[java.lang.AssertionError: 

Expecting Optional to contain a value but it was empty.
	at com.bank.sentinel.integration.TradePersistenceIntegrationTest.saveTwiceWithDifferentIds_doesNotThrow(TradePersistenceIntegrationTest.java:77)
]]></failure>
    <system-out><![CDATA[22:18:11.008 [main] INFO org.springframework.test.context.support.AnnotationConfigContextLoaderUtils -- Could not detect default configuration classes for test class [com.bank.sentinel.integration.TradePersistenceIntegrationTest]: TradePersistenceIntegrationTest does not declare any static, non-private, non-final, nested classes annotated with @Configuration.
22:18:11.194 [main] INFO org.springframework.boot.test.context.SpringBootTestContextBootstrapper -- Found @SpringBootConfiguration com.bank.sentinel.SentinelTradeApplication for test class com.bank.sentinel.integration.TradePersistenceIntegrationTest
22:18:11.257 [main] INFO org.springframework.test.context.support.AnnotationConfigContextLoaderUtils -- Could not detect default configuration classes for test class [com.bank.sentinel.integration.TradePersistenceIntegrationTest]: TradePersistenceIntegrationTest does not declare any static, non-private, non-final, nested classes annotated with @Configuration.
22:18:11.258 [main] INFO org.springframework.boot.test.context.SpringBootTestContextBootstrapper -- Found @SpringBootConfiguration com.bank.sentinel.SentinelTradeApplication for test class com.bank.sentinel.integration.TradePersistenceIntegrationTest
22:18:11.303 [main] INFO org.testcontainers.images.PullPolicy -- Image pull policy will be performed by: DefaultPullPolicy()
22:18:11.304 [main] INFO org.testcontainers.utility.ImageNameSubstitutor -- Image name substitution will be performed by: DefaultImageNameSubstitutor (composite of 'ConfigurationFileImageNameSubstitutor' and 'PrefixingImageNameSubstitutor')
22:18:11.326 [main] INFO org.testcontainers.DockerClientFactory -- Testcontainers version: 1.20.4
22:18:11.710 [main] INFO org.testcontainers.dockerclient.DockerClientProviderStrategy -- Found Docker environment with Docker accessed via Unix socket (/Users/sumitsrivastava/.docker/run/docker.sock)
22:18:11.713 [main] INFO org.testcontainers.DockerClientFactory -- Docker host IP address is localhost
22:18:11.740 [main] INFO org.testcontainers.DockerClientFactory -- Connected to docker: 
  Server Version: 24.0.6
  API Version: 1.43
  Operating System: Docker Desktop
  Total Memory: 7844 MB
22:18:11.763 [main] INFO tc.testcontainers/ryuk:0.11.0 -- Creating container for image: testcontainers/ryuk:0.11.0
22:18:11.956 [main] INFO org.testcontainers.utility.RegistryAuthLocator -- Credential helper/store (docker-credential-desktop) does not have credentials for https://index.docker.io/v1/
22:18:12.033 [main] INFO tc.testcontainers/ryuk:0.11.0 -- Container testcontainers/ryuk:0.11.0 is starting: 21506a870b846b47268312e503622d00620b0e14fc196a3b36ba775d8940f50e
22:18:12.330 [main] INFO tc.testcontainers/ryuk:0.11.0 -- Container testcontainers/ryuk:0.11.0 started in PT0.566177S
22:18:12.339 [main] INFO org.testcontainers.utility.RyukResourceReaper -- Ryuk started - will monitor and terminate Testcontainers containers on JVM exit
22:18:12.339 [main] INFO org.testcontainers.DockerClientFactory -- Checking the system...
22:18:12.340 [main] INFO org.testcontainers.DockerClientFactory -- ✔︎ Docker server version should be at least 1.6.0
22:18:12.340 [main] INFO tc.postgres:16 -- Creating container for image: postgres:16
22:18:12.369 [main] INFO tc.postgres:16 -- Container postgres:16 is starting: daa5676feb7e64fed231f5ab1607f13d279bb9f7cef418828556164e21aac491
22:18:13.208 [main] INFO tc.postgres:16 -- Container postgres:16 started in PT0.868393S
22:18:13.210 [main] INFO tc.postgres:16 -- Container is started (JDBC URL: jdbc:postgresql://localhost:49276/test?loggerLevel=OFF)

  .   ____          _            __ _ _
 /\\ / ___'_ __ _ _(_)_ __  __ _ \ \ \ \
( ( )\___ | '_ | '_| | '_ \/ _` | \ \ \ \
 \\/  ___)| |_)| | | | | || (_| |  ) ) ) )
  '  |____| .__|_| |_|_| |_\__, | / / / /
 =========|_|==============|___/=/_/_/_/

 :: Spring Boot ::                (v4.0.5)

2026-04-08 22:18:13.379 [main] INFO  c.b.s.i.TradePersistenceIntegrationTest - Star**** Trad**** using Java 25.0.2 with PID 8141 (started by sumi**** in /Users/sumi****/Code/sent****-trade)
2026-04-08 22:18:13.380 [main] DEBUG c.b.s.i.TradePersistenceIntegrationTest - Running with Spring Boot v4.0.5, Spring v7.0.6
2026-04-08 22:18:13.380 [main] INFO  c.b.s.i.TradePersistenceIntegrationTest - No active profile set, falling back to 1 default profile: "default"
2026-04-08 22:18:13.550 [background-preinit] INFO  o.h.validator.internal.util.Version - HV00****: Hibe**** Vali**** 9.0.1.Final
2026-04-08 22:18:13.882 [main] INFO  o.s.d.r.c.RepositoryConfigurationDelegate - Boot**** Spring Data JPA repo**** in DEFAULT mode.
2026-04-08 22:18:13.920 [main] INFO  o.s.d.r.c.RepositoryConfigurationDelegate - Fini**** Spring Data repo**** scan**** in 32 ms. Found 1 JPA repo**** inte****.
2026-04-08 22:18:14.660 [main] INFO  org.hibernate.orm.jpa - HHH0****: Proc**** Pers**** [name: default]
2026-04-08 22:18:14.686 [main] INFO  org.hibernate.orm.core - HHH0****: Hibe**** ORM core version 7.2.7.Final
2026-04-08 22:18:15.068 [main] INFO  o.s.o.j.p.SpringPersistenceUnitInfo - No Load**** setup: igno**** JPA class tran****
2026-04-08 22:18:15.089 [main] INFO  com.zaxxer.hikari.HikariDataSource - Hika****-1 - Star****...
2026-04-08 22:18:15.437 [main] INFO  com.zaxxer.hikari.pool.HikariPool - Hika****-1 - Added conn**** org.post****.jdbc.PgCo****@7e14****
2026-04-08 22:18:15.437 [main] INFO  com.zaxxer.hikari.HikariDataSource - Hika****-1 - Start comp****.
2026-04-08 22:18:15.527 [main] WARN  org.hibernate.orm.deprecation - HHH9****: Post**** does not need to be spec**** expl**** using 'hibe****.dialect' (remove the prop**** setting and it will be sele**** by default)
2026-04-08 22:18:15.558 [main] INFO  o.hibernate.orm.connections.pooling - HHH1****: Data**** info:
	Data**** JDBC URL [jdbc:post****://loca****:49276/test?logg****=OFF]
	Data**** driver: Post**** JDBC Driver
	Data**** dialect: Post****
	Data**** version: 16.13
	Default catalog/schema: test/public
	Auto**** mode: unde****/unknown
	Isol**** level: READ_COMMITTED [default READ_COMMITTED]
	JDBC fetch size: none
	Pool: Data****
	Minimum pool size: unde****/unknown
	Maximum pool size: unde****/unknown
2026-04-08 22:18:16.328 [main] INFO  org.hibernate.orm.core - HHH0****: No JTA plat**** avai**** (set 'hibe****.tran****.jta.plat****' to enable JTA plat**** inte****)
2026-04-08 22:18:16.332 [main] INFO  o.s.o.j.LocalContainerEntityManagerFactoryBean - Init**** JPA Enti**** for pers**** unit 'default'
2026-04-08 22:18:16.441 [main] INFO  o.s.d.j.r.q.QueryEnhancerFactories - Hibe**** is in clas****; If appl****, HQL parser will be used.
2026-04-08 22:18:17.060 [main] WARN  o.s.b.j.a.JpaBaseConfiguration$JpaWebConfiguration - spring.jpa.open-in-view is enabled by default. Ther****, data**** queries may be perf**** during view rend****. Expl**** conf**** spring.jpa.open-in-view to disable this warning
2026-04-08 22:18:17.207 [main] WARN  o.s.b.s.a.UserDetailsServiceAutoConfiguration - 

Using gene**** secu**** pass****: ee37****-f3f2-4d37-a4ba-222a****

This gene**** pass**** is for deve**** use only. Your secu**** conf**** must be updated before running your appl**** in prod****.

2026-04-08 22:18:17.214 [main] INFO  o.s.s.c.a.a.c.InitializeUserDetailsBeanManagerConfigurer$InitializeUserDetailsManagerConfigurer - Global Auth**** conf**** with User**** bean with name inMe****
2026-04-08 22:18:18.119 [main] INFO  o.s.b.a.e.web.EndpointLinksResolver - Expo**** 1 endp**** beneath base path '/actu****'
2026-04-08 22:18:18.178 [main] INFO  c.b.s.i.TradePersistenceIntegrationTest - Started Trad**** in 4.948 seconds (process running for 8.143)
2026-04-08 22:18:18.515 [main] WARN  org.hibernate.orm.jdbc.error - HHH0****: Erro****: 0, SQLS****: 42P01
2026-04-08 22:18:18.515 [main] WARN  org.hibernate.orm.jdbc.error - ERROR: rela**** "trades" does not exist
  Posi****: 145
2026-04-08 22:18:18.528 [main] ERROR c.b.s.i.aop.DatabaseResultAspect - DB oper**** failed [Inva****]: JDBC exce**** exec**** SQL [ERROR: rela**** "trades" does not exist
  Posi****: 145] [select te1_0.id,te1_0.account_id,te1_0.created_at,te1_0.executed_at,te1_0.instrument_id,te1_0.price,te1_0.quan****,te1_0.status,te1_0.type from trades te1_0 where te1_0.id=?]; SQL [select te1_0.id,te1_0.account_id,te1_0.created_at,te1_0.executed_at,te1_0.instrument_id,te1_0.price,te1_0.quan****,te1_0.status,te1_0.type from trades te1_0 where te1_0.id=?]
2026-04-08 22:18:18.533 [main] WARN  org.hibernate.orm.jdbc.error - HHH0****: Erro****: 0, SQLS****: 42P01
2026-04-08 22:18:18.533 [main] WARN  org.hibernate.orm.jdbc.error - ERROR: rela**** "trades" does not exist
  Posi****: 145
2026-04-08 22:18:18.534 [main] ERROR c.b.s.i.aop.DatabaseResultAspect - DB oper**** failed [Inva****]: JDBC exce**** exec**** SQL [ERROR: rela**** "trades" does not exist
  Posi****: 145] [select te1_0.id,te1_0.account_id,te1_0.created_at,te1_0.executed_at,te1_0.instrument_id,te1_0.price,te1_0.quan****,te1_0.status,te1_0.type from trades te1_0 where te1_0.id=?]; SQL [select te1_0.id,te1_0.account_id,te1_0.created_at,te1_0.executed_at,te1_0.instrument_id,te1_0.price,te1_0.quan****,te1_0.status,te1_0.type from trades te1_0 where te1_0.id=?]
]]></system-out>
    <system-err><![CDATA[22:18:13,329 |-WARN in ch.qos.logback.core.joran.action.ConversionRuleAction - [converterClass] attribute is deprecated and replaced by [class]. See element [conversionRule] near line 4
Mockito is currently self-attaching to enable the inline-mock-maker. This will no longer work in future releases of the JDK. Please add Mockito as an agent to your build as described in Mockito's documentation: https://javadoc.io/doc/org.mockito/mockito-core/latest/org.mockito/org/mockito/Mockito.html#0.3
WARNING: A Java agent has been loaded dynamically (/Users/sumitsrivastava/.m2/repository/net/bytebuddy/byte-buddy-agent/1.17.8/byte-buddy-agent-1.17.8.jar)
WARNING: If a serviceability tool is in use, please run with -XX:+EnableDynamicAgentLoading to hide this warning
WARNING: If a serviceability tool is not in use, please run with -Djdk.instrument.traceUsage for more information
WARNING: Dynamic loading of agents will be disallowed by default in a future release
]]></system-err>
  </testcase>
  <testcase name="findByAccountId_returnsAllTradesForAccount" classname="com.bank.sentinel.integration.TradePersistenceIntegrationTest" time="0.054">
    <failure message="&#10;Expecting Optional to contain a value but it was empty." type="java.lang.AssertionError"><![CDATA[java.lang.AssertionError: 

Expecting Optional to contain a value but it was empty.
	at com.bank.sentinel.integration.TradePersistenceIntegrationTest.findByAccountId_returnsAllTradesForAccount(TradePersistenceIntegrationTest.java:65)
]]></failure>
    <system-out><![CDATA[2026-04-08 22:18:18.571 [main] WARN  org.hibernate.orm.jdbc.error - HHH0****: Erro****: 0, SQLS****: 42P01
2026-04-08 22:18:18.571 [main] WARN  org.hibernate.orm.jdbc.error - ERROR: rela**** "trades" does not exist
  Posi****: 145
2026-04-08 22:18:18.572 [main] ERROR c.b.s.i.aop.DatabaseResultAspect - DB oper**** failed [Inva****]: JDBC exce**** exec**** SQL [ERROR: rela**** "trades" does not exist
  Posi****: 145] [select te1_0.id,te1_0.account_id,te1_0.created_at,te1_0.executed_at,te1_0.instrument_id,te1_0.price,te1_0.quan****,te1_0.status,te1_0.type from trades te1_0 where te1_0.id=?]; SQL [select te1_0.id,te1_0.account_id,te1_0.created_at,te1_0.executed_at,te1_0.instrument_id,te1_0.price,te1_0.quan****,te1_0.status,te1_0.type from trades te1_0 where te1_0.id=?]
2026-04-08 22:18:18.574 [main] WARN  org.hibernate.orm.jdbc.error - HHH0****: Erro****: 0, SQLS****: 42P01
2026-04-08 22:18:18.574 [main] WARN  org.hibernate.orm.jdbc.error - ERROR: rela**** "trades" does not exist
  Posi****: 145
2026-04-08 22:18:18.575 [main] ERROR c.b.s.i.aop.DatabaseResultAspect - DB oper**** failed [Inva****]: JDBC exce**** exec**** SQL [ERROR: rela**** "trades" does not exist
  Posi****: 145] [select te1_0.id,te1_0.account_id,te1_0.created_at,te1_0.executed_at,te1_0.instrument_id,te1_0.price,te1_0.quan****,te1_0.status,te1_0.type from trades te1_0 where te1_0.id=?]; SQL [select te1_0.id,te1_0.account_id,te1_0.created_at,te1_0.executed_at,te1_0.instrument_id,te1_0.price,te1_0.quan****,te1_0.status,te1_0.type from trades te1_0 where te1_0.id=?]
2026-04-08 22:18:18.620 [main] WARN  org.hibernate.orm.jdbc.error - HHH0****: Erro****: 0, SQLS****: 42P01
2026-04-08 22:18:18.620 [main] WARN  org.hibernate.orm.jdbc.error - ERROR: rela**** "trades" does not exist
  Posi****: 145
2026-04-08 22:18:18.620 [main] ERROR c.b.s.i.aop.DatabaseResultAspect - DB oper**** failed [Inva****]: JDBC exce**** exec**** SQL [ERROR: rela**** "trades" does not exist
  Posi****: 145] [select te1_0.id,te1_0.account_id,te1_0.created_at,te1_0.executed_at,te1_0.instrument_id,te1_0.price,te1_0.quan****,te1_0.status,te1_0.type from trades te1_0 where te1_0.account_id=?]; SQL [select te1_0.id,te1_0.account_id,te1_0.created_at,te1_0.executed_at,te1_0.instrument_id,te1_0.price,te1_0.quan****,te1_0.status,te1_0.type from trades te1_0 where te1_0.account_id=?]
]]></system-out>
  </testcase>
  <testcase name="saveAndFindById_returnsPersistedTrade" classname="com.bank.sentinel.integration.TradePersistenceIntegrationTest" time="0.015">
    <failure message="&#10;Expecting Optional to contain a value but it was empty." type="java.lang.AssertionError"><![CDATA[java.lang.AssertionError: 

Expecting Optional to contain a value but it was empty.
	at com.bank.sentinel.integration.TradePersistenceIntegrationTest.saveAndFindById_returnsPersistedTrade(TradePersistenceIntegrationTest.java:54)
]]></failure>
    <system-out><![CDATA[2026-04-08 22:18:18.626 [main] WARN  org.hibernate.orm.jdbc.error - HHH0****: Erro****: 0, SQLS****: 42P01
2026-04-08 22:18:18.626 [main] WARN  org.hibernate.orm.jdbc.error - ERROR: rela**** "trades" does not exist
  Posi****: 145
2026-04-08 22:18:18.627 [main] ERROR c.b.s.i.aop.DatabaseResultAspect - DB oper**** failed [Inva****]: JDBC exce**** exec**** SQL [ERROR: rela**** "trades" does not exist
  Posi****: 145] [select te1_0.id,te1_0.account_id,te1_0.created_at,te1_0.executed_at,te1_0.instrument_id,te1_0.price,te1_0.quan****,te1_0.status,te1_0.type from trades te1_0 where te1_0.id=?]; SQL [select te1_0.id,te1_0.account_id,te1_0.created_at,te1_0.executed_at,te1_0.instrument_id,te1_0.price,te1_0.quan****,te1_0.status,te1_0.type from trades te1_0 where te1_0.id=?]
2026-04-08 22:18:18.630 [main] WARN  org.hibernate.orm.jdbc.error - HHH0****: Erro****: 0, SQLS****: 42P01
2026-04-08 22:18:18.630 [main] WARN  org.hibernate.orm.jdbc.error - ERROR: rela**** "trades" does not exist
  Posi****: 145
2026-04-08 22:18:18.636 [main] ERROR c.b.s.i.aop.DatabaseResultAspect - DB oper**** failed [Inva****]: JDBC exce**** exec**** SQL [ERROR: rela**** "trades" does not exist
  Posi****: 145] [select te1_0.id,te1_0.account_id,te1_0.created_at,te1_0.executed_at,te1_0.instrument_id,te1_0.price,te1_0.quan****,te1_0.status,te1_0.type from trades te1_0 where te1_0.id=?]; SQL [select te1_0.id,te1_0.account_id,te1_0.created_at,te1_0.executed_at,te1_0.instrument_id,te1_0.price,te1_0.quan****,te1_0.status,te1_0.type from trades te1_0 where te1_0.id=?]
]]></system-out>
  </testcase>
</testsuite>