<?xml version="1.0" encoding="UTF-8"?>
<testsuite xmlns:xsi="http://www.w3.org/2001/XMLSchema-instance" xsi:noNamespaceSchemaLocation="https://maven.apache.org/surefire/maven-surefire-plugin/xsd/surefire-test-report.xsd" version="3.0.2" name="com.bank.sentinel.infrastructure.security.JwtTokenProviderTest" time="0.171" tests="6" errors="0" skipped="0" failures="0" flakes="0">
  <properties>
[...]
</properties>
  <testcase name="should_return_false_when_token_is_random_string" classname="com.bank.sentinel.infrastructure.security.JwtTokenProviderTest" time="0.101"/>
  <testcase name="should_extract_account_id_matching_original" classname="com.bank.sentinel.infrastructure.security.JwtTokenProviderTest" time="0.046"/>
  <testcase name="should_validate_token_generated_by_provider" classname="com.bank.sentinel.infrastructure.security.JwtTokenProviderTest" time="0.001"/>
  <testcase name="should_return_false_when_token_is_expired" classname="com.bank.sentinel.infrastructure.security.JwtTokenProviderTest" time="0.014"/>
  <testcase name="should_generate_non_null_non_empty_token" classname="com.bank.sentinel.infrastructure.security.JwtTokenProviderTest" time="0.001"/>
  <testcase name="should_return_false_when_token_is_tampered" classname="com.bank.sentinel.infrastructure.security.JwtTokenProviderTest" time="0.001"/>
</testsuite>